<?xml version="1.0" encoding="UTF-8"?>
<!-- Generated by org.testng.reporters.JUnitReportReporter -->
<testsuite name="genericfunctions.Ex6" tests="1" time="25.674" ignored="0" failures="0" timestamp="06 May 2021 12:41:15 GMT" skipped="0" hostname="LAPTOP-R8U190HV" errors="0">
  <testcase name="Test_4" time="25.674" classname="genericfunctions.Ex6"/>
</testsuite> <!-- genericfunctions.Ex6 -->
