<?xml version="1.0" encoding="UTF-8"?>
<!-- Generated by org.testng.reporters.JUnitReportReporter -->
<testsuite name="genericfunctions.Ex2" tests="1" time="25.794" ignored="0" failures="0" timestamp="29 Apr 2021 14:49:17 GMT" skipped="0" hostname="LAPTOP-R8U190HV" errors="0">
  <testcase name="Test" time="25.794" classname="genericfunctions.Ex2"/>
</testsuite> <!-- genericfunctions.Ex2 -->
