<?xml version="1.0" encoding="UTF-8"?>
<!-- Generated by org.testng.reporters.JUnitReportReporter -->
<testsuite name="genericfunctions.Validation" tests="1" time="32.511" ignored="0" failures="0" timestamp="21 May 2021 16:24:23 GMT" skipped="0" hostname="LAPTOP-R8U190HV" errors="0">
  <testcase name="Asses_1" time="32.511" classname="genericfunctions.Validation"/>
</testsuite> <!-- genericfunctions.Validation -->
