<?xml version="1.0" encoding="UTF-8"?>
<!-- Generated by org.testng.reporters.JUnitReportReporter -->
<testsuite name="genericfunctions.Ex3" tests="1" time="28.823" ignored="0" failures="0" timestamp="06 May 2021 14:00:51 GMT" skipped="0" hostname="LAPTOP-R8U190HV" errors="0">
  <testcase name="Test" time="28.823" classname="genericfunctions.Ex3"/>
</testsuite> <!-- genericfunctions.Ex3 -->
