<?xml version="1.0" encoding="UTF-8"?>
<!-- Generated by org.testng.reporters.JUnitReportReporter -->
<testsuite name="genericfunctions.Ex1" tests="1" time="25.037" ignored="0" failures="0" timestamp="15 May 2021 14:59:36 GMT" skipped="0" hostname="LAPTOP-R8U190HV" errors="0">
  <testcase name="Test_4" time="25.037" classname="genericfunctions.Ex1"/>
</testsuite> <!-- genericfunctions.Ex1 -->
