<?xml version="1.0" encoding="UTF-8"?>
<!-- Generated by org.testng.reporters.JUnitReportReporter -->
<testsuite name="genericfunctions.DemoToursModularFunctions" tests="1" time="82.821" ignored="0" failures="0" timestamp="16 Mar 2021 07:58:29 GMT" skipped="0" hostname="LAPTOP-R8U190HV" errors="0">
  <testcase name="main" time="82.821" classname="genericfunctions.DemoToursModularFunctions"/>
</testsuite> <!-- genericfunctions.DemoToursModularFunctions -->
