<?xml version="1.0" encoding="UTF-8"?>
<!-- Generated by org.testng.reporters.JUnitReportReporter -->
<testsuite name="genericfunctions.API" tests="1" time="43.313" ignored="0" failures="0" timestamp="20 May 2021 16:43:44 GMT" skipped="0" hostname="LAPTOP-R8U190HV" errors="0">
  <testcase name="GetAPI" time="43.313" classname="genericfunctions.API"/>
</testsuite> <!-- genericfunctions.API -->
