<?xml version="1.0" encoding="UTF-8"?>
<!-- Generated by org.testng.reporters.JUnitReportReporter -->
<testsuite name="genericfunctions.APIAssessments1" tests="1" time="24.700" ignored="0" failures="0" timestamp="22 May 2021 07:34:20 GMT" skipped="0" hostname="LAPTOP-R8U190HV" errors="0">
  <testcase name="GetAPI" time="24.700" classname="genericfunctions.APIAssessments1"/>
</testsuite> <!-- genericfunctions.APIAssessments1 -->
