<?xml version="1.0" encoding="UTF-8"?>
<!-- Generated by org.testng.reporters.JUnitReportReporter -->
<testsuite name="API.webService" tests="3" time="9.921" ignored="0" failures="0" timestamp="18 Mar 2021 14:02:04 GMT" skipped="0" hostname="LAPTOP-R8U190HV" errors="0">
  <testcase name="GetWeatherDetailsInvalidCity" time="1.069" classname="API.webService"/>
  <testcase name="GetWeatherDetails" time="6.935" classname="API.webService"/>
  <testcase name="GetWeatherStatusLine" time="1.917" classname="API.webService"/>
</testsuite> <!-- API.webService -->
