<?xml version="1.0" encoding="UTF-8"?>
<!-- Generated by org.testng.reporters.JUnitReportReporter -->
<testsuite name="genericfunctions.Assessment" tests="1" time="100.849" ignored="0" failures="0" timestamp="22 May 2021 07:32:35 GMT" skipped="0" hostname="LAPTOP-R8U190HV" errors="0">
  <testcase name="Asses_1" time="100.849" classname="genericfunctions.Assessment"/>
</testsuite> <!-- genericfunctions.Assessment -->
